<?xml version="1.0" encoding="UTF-8"?>
<testng-results ignored="0" total="1" passed="1" failed="0" skipped="0">
  <reporter-output>
  </reporter-output>
  <suite started-at="2022-05-29T18:47:37 IST" name="Default suite" finished-at="2022-05-29T18:47:55 IST" duration-ms="18208">
    <groups>
    </groups>
    <test started-at="2022-05-29T18:47:37 IST" name="Default test" finished-at="2022-05-29T18:47:55 IST" duration-ms="18208">
      <class name="com.Angle.TestLayer.TestAnglelogin">
        <test-method is-config="true" signature="launchBroweser()[pri:0, instance:com.Angle.TestLayer.TestAnglelogin@44ebcd03]" started-at="2022-05-29T18:47:37 IST" name="launchBroweser" finished-at="2022-05-29T18:47:55 IST" duration-ms="17790" status="PASS">
          <reporter-output>
          </reporter-output>
        </test-method> <!-- launchBroweser -->
        <test-method signature="logIntoAngle()[pri:0, instance:com.Angle.TestLayer.TestAnglelogin@44ebcd03]" started-at="2022-05-29T18:47:55 IST" name="logIntoAngle" finished-at="2022-05-29T18:47:55 IST" duration-ms="376" status="PASS">
          <reporter-output>
          </reporter-output>
        </test-method> <!-- logIntoAngle -->
        <test-method is-config="true" signature="closeBroweser()[pri:0, instance:com.Angle.TestLayer.TestAnglelogin@44ebcd03]" started-at="2022-05-29T18:47:55 IST" name="closeBroweser" finished-at="2022-05-29T18:47:55 IST" duration-ms="0" status="PASS">
          <reporter-output>
          </reporter-output>
        </test-method> <!-- closeBroweser -->
      </class> <!-- com.Angle.TestLayer.TestAnglelogin -->
    </test> <!-- Default test -->
  </suite> <!-- Default suite -->
</testng-results>
