<?xml version="1.0" encoding="UTF-8"?>
<testng-results ignored="0" total="1" passed="1" failed="0" skipped="0">
  <reporter-output>
  </reporter-output>
  <suite started-at="2022-05-18T18:37:45 IST" name="Default suite" finished-at="2022-05-18T18:38:30 IST" duration-ms="45682">
    <groups>
    </groups>
    <test started-at="2022-05-18T18:37:45 IST" name="Default test" finished-at="2022-05-18T18:38:30 IST" duration-ms="45682">
      <class name="com.qa.pagelayer.TestBase">
        <test-method is-config="true" signature="webDriverSetup()[pri:0, instance:com.qa.pagelayer.TestBase@64cd705f]" started-at="2022-05-18T18:37:45 IST" name="webDriverSetup" finished-at="2022-05-18T18:38:30 IST" duration-ms="45349" status="PASS">
          <reporter-output>
          </reporter-output>
        </test-method> <!-- webDriverSetup -->
        <test-method signature="tearDown()[pri:0, instance:com.qa.pagelayer.TestBase@64cd705f]" started-at="2022-05-18T18:38:30 IST" name="tearDown" finished-at="2022-05-18T18:38:30 IST" duration-ms="303" status="PASS">
          <reporter-output>
          </reporter-output>
        </test-method> <!-- tearDown -->
        <test-method is-config="true" signature="tearDown()[pri:0, instance:com.qa.pagelayer.TestBase@64cd705f]" started-at="2022-05-18T18:38:30 IST" name="tearDown" finished-at="2022-05-18T18:38:30 IST" duration-ms="0" status="PASS">
          <reporter-output>
          </reporter-output>
        </test-method> <!-- tearDown -->
      </class> <!-- com.qa.pagelayer.TestBase -->
    </test> <!-- Default test -->
  </suite> <!-- Default suite -->
</testng-results>
