<?xml version="1.0" encoding="UTF-8"?>
<testng-results ignored="0" total="1" passed="1" failed="0" skipped="0">
  <reporter-output>
  </reporter-output>
  <suite started-at="2022-05-09T12:55:13 IST" name="Surefire suite" finished-at="2022-05-09T12:55:13 IST" duration-ms="31">
    <groups>
    </groups>
    <test started-at="2022-05-09T12:55:13 IST" name="Surefire test" finished-at="2022-05-09T12:55:13 IST" duration-ms="31">
      <class name="testNg.ArtifactTest">
        <test-method is-config="true" signature="beforeSuite()[pri:0, instance:testNg.ArtifactTest@57f23557]" started-at="2022-05-09T12:55:13 IST" name="beforeSuite" finished-at="2022-05-09T12:55:13 IST" duration-ms="11" status="PASS">
          <reporter-output>
          </reporter-output>
        </test-method> <!-- beforeSuite -->
        <test-method is-config="true" signature="beforeClass()[pri:0, instance:testNg.ArtifactTest@57f23557]" started-at="2022-05-09T12:55:13 IST" name="beforeClass" finished-at="2022-05-09T12:55:13 IST" duration-ms="0" status="PASS">
          <reporter-output>
          </reporter-output>
        </test-method> <!-- beforeClass -->
        <test-method is-config="true" signature="beforeMethod()[pri:0, instance:testNg.ArtifactTest@57f23557]" started-at="2022-05-09T12:55:13 IST" name="beforeMethod" finished-at="2022-05-09T12:55:13 IST" duration-ms="1" status="PASS">
          <reporter-output>
          </reporter-output>
        </test-method> <!-- beforeMethod -->
        <test-method signature="testcase1()[pri:0, instance:testNg.ArtifactTest@57f23557]" started-at="2022-05-09T12:55:13 IST" name="testcase1" finished-at="2022-05-09T12:55:13 IST" duration-ms="1" status="PASS">
          <reporter-output>
          </reporter-output>
        </test-method> <!-- testcase1 -->
        <test-method is-config="true" signature="afterMethod()[pri:0, instance:testNg.ArtifactTest@57f23557]" started-at="2022-05-09T12:55:13 IST" name="afterMethod" finished-at="2022-05-09T12:55:13 IST" duration-ms="0" status="PASS">
          <reporter-output>
          </reporter-output>
        </test-method> <!-- afterMethod -->
        <test-method is-config="true" signature="afterClass()[pri:0, instance:testNg.ArtifactTest@57f23557]" started-at="2022-05-09T12:55:13 IST" name="afterClass" finished-at="2022-05-09T12:55:13 IST" duration-ms="0" status="PASS">
          <reporter-output>
          </reporter-output>
        </test-method> <!-- afterClass -->
        <test-method is-config="true" signature="afterTest()[pri:0, instance:testNg.ArtifactTest@57f23557]" started-at="2022-05-09T12:55:13 IST" name="afterTest" finished-at="2022-05-09T12:55:13 IST" duration-ms="0" status="PASS">
          <reporter-output>
          </reporter-output>
        </test-method> <!-- afterTest -->
        <test-method is-config="true" signature="afterSuite()[pri:0, instance:testNg.ArtifactTest@57f23557]" started-at="2022-05-09T12:55:13 IST" name="afterSuite" finished-at="2022-05-09T12:55:13 IST" duration-ms="1" status="PASS">
          <reporter-output>
          </reporter-output>
        </test-method> <!-- afterSuite -->
      </class> <!-- testNg.ArtifactTest -->
    </test> <!-- Surefire test -->
  </suite> <!-- Surefire suite -->
</testng-results>
