<?xml version="1.0" encoding="UTF-8"?>
<!-- Generated by org.testng.reporters.JUnitXMLReporter -->
<testsuite ignored="0" hostname="LAPTOP-84MC1GCV" failures="2" tests="2" name="Test" time="24.941" errors="0" timestamp="2022-05-20T19:38:37 IST">
  <testcase classname="com.qa.TestLayer.TestAddCartPage" name="addcartSonyVaioI5" time="0.088">
    <failure type="java.lang.NullPointerException" message="Cannot invoke &amp;quot;org.apache.log4j.Logger.info(Object)&amp;quot; because &amp;quot;this.logger&amp;quot; is null">
      <![CDATA[java.lang.NullPointerException: Cannot invoke "org.apache.log4j.Logger.info(Object)" because "this.logger" is null
at com.qa.pagelayer.HomePage.clickOnLaptops(HomePage.java:28)
at com.qa.TestLayer.TestAddCartPage.addcartSonyVaioI5(TestAddCartPage.java:10)
at java.base/java.util.ArrayList.forEach(ArrayList.java:1511)
... Removed 27 stack frames]]>
    </failure>
  </testcase> <!-- addcartSonyVaioI5 -->
  <testcase classname="com.qa.TestLayer.TestAddCartPage" name="addcartSonyVaioI7" time="0.092">
    <failure type="java.lang.NullPointerException" message="Cannot invoke &amp;quot;org.apache.log4j.Logger.info(Object)&amp;quot; because &amp;quot;this.logger&amp;quot; is null">
      <![CDATA[java.lang.NullPointerException: Cannot invoke "org.apache.log4j.Logger.info(Object)" because "this.logger" is null
at com.qa.pagelayer.HomePage.clickOnLaptops(HomePage.java:28)
at com.qa.TestLayer.TestAddCartPage.addcartSonyVaioI7(TestAddCartPage.java:19)
at java.base/java.util.ArrayList.forEach(ArrayList.java:1511)
... Removed 27 stack frames]]>
    </failure>
  </testcase> <!-- addcartSonyVaioI7 -->
</testsuite> <!-- Test -->
